<?xml version="1.0" encoding="UTF-8"?>
<!-- Generated by org.testng.reporters.JUnitReportReporter -->
<testsuite hostname="DESKTOP-1KB0RC3" failures="0" tests="1" name="demo.CreateContacts" time="0.032" errors="0" timestamp="2022-09-15T14:24:43 IST" skipped="0">
  <testcase classname="demo.CreateContacts" name="createNewContacts" time="0.032"/>
  <system-out/>
</testsuite> <!-- demo.CreateContacts -->
