<?xml version="1.0" encoding="UTF-8"?>
<!-- Generated by org.testng.reporters.JUnitReportReporter -->
<testsuite hostname="DESKTOP-1KB0RC3" failures="0" tests="1" name="sampleTests.Demo" time="0.030" errors="0" timestamp="2022-09-08T14:10:03 IST" skipped="0">
  <testcase classname="sampleTests.Demo" name="demo" time="0.030"/>
  <system-out/>
</testsuite> <!-- sampleTests.Demo -->
